<?xml version="1.0" encoding="UTF-8"?>
<!-- Generated by org.testng.reporters.JUnitReportReporter -->
<testsuite hostname="LAPTOP-GCBCO2G3" failures="0" tests="2" name="api.test.DDTests" time="5.466" errors="0" timestamp="2024-05-06T09:21:02 IST" skipped="0">
  <testcase classname="api.test.DDTests" name="deleteUser" time="1.787"/>
  <testcase classname="api.test.DDTests" name="deleteUser" time="3.679"/>
</testsuite> <!-- api.test.DDTests -->
