<?xml version="1.0" encoding="UTF-8"?>
<!-- Generated by org.testng.reporters.JUnitReportReporter -->
<testsuite hostname="LAPTOP-GCBCO2G3" failures="0" tests="1" name="Day2.DifferentWaysToCreatePostRequestBody" time="4.566" errors="0" timestamp="2024-01-21T09:49:59 IST" skipped="0">
  <testcase classname="Day2.DifferentWaysToCreatePostRequestBody" name="testPostRequestUsingExternaljsonFile" time="4.566"/>
</testsuite> <!-- Day2.DifferentWaysToCreatePostRequestBody -->
