<?xml version="1.0" encoding="UTF-8"?>
<!-- Generated by org.testng.reporters.JUnitReportReporter -->
<testsuite hostname="LAPTOP-GCBCO2G3" failures="0" tests="1" name="Day7.Authorizations" time="4.185" errors="0" timestamp="2024-02-18T19:10:25 IST" skipped="0">
  <testcase classname="Day7.Authorizations" name="apiKeyAuthentication" time="4.185"/>
</testsuite> <!-- Day7.Authorizations -->
