<?xml version="1.0" encoding="UTF-8"?>
<!-- Generated by org.testng.reporters.JUnitReportReporter -->
<testsuite hostname="LAPTOP-GCBCO2G3" failures="0" tests="1" name="Day7.FakerDataGenerator" time="0.251" errors="0" timestamp="2024-02-18T19:19:30 IST" skipped="0">
  <testcase classname="Day7.FakerDataGenerator" name="fakerGenerator" time="0.251"/>
</testsuite> <!-- Day7.FakerDataGenerator -->
