<?xml version="1.0" encoding="UTF-8"?>
<!-- Generated by org.testng.reporters.JUnitReportReporter -->
<testsuite hostname="LAPTOP-GCBCO2G3" failures="0" tests="1" name="Day8.DeleteUser" time="1.351" errors="0" timestamp="2024-02-18T20:31:34 IST" skipped="0">
  <testcase classname="Day8.DeleteUser" name="deleteUser" time="1.351"/>
</testsuite> <!-- Day8.DeleteUser -->
