<?xml version="1.0" encoding="UTF-8"?>
<!-- Generated by org.testng.reporters.JUnitReportReporter -->
<testsuite hostname="LAPTOP-GCBCO2G3" failures="0" tests="1" name="Day4.ParsingJSONResponseData" time="2.778" errors="0" timestamp="2024-02-11T10:40:21 IST" skipped="0">
  <testcase classname="Day4.ParsingJSONResponseData" name="testJSONResponseBodyData" time="2.778"/>
</testsuite> <!-- Day4.ParsingJSONResponseData -->
