<?xml version="1.0" encoding="UTF-8"?>
<!-- Generated by org.testng.reporters.JUnitReportReporter -->
<testsuite hostname="LAPTOP-GCBCO2G3" failures="0" tests="1" name="Day8.CreateUser" time="3.530" errors="0" timestamp="2024-02-18T20:31:34 IST" skipped="0">
  <testcase classname="Day8.CreateUser" name="createUser" time="3.530"/>
</testsuite> <!-- Day8.CreateUser -->
