<?xml version="1.0" encoding="UTF-8"?>
<!-- Generated by org.testng.reporters.JUnitReportReporter -->
<testsuite hostname="LAPTOP-GCBCO2G3" failures="0" tests="1" name="Day3.Header" time="2.415" errors="0" timestamp="2024-01-24T21:18:32 IST" skipped="0">
  <testcase classname="Day3.Header" name="getAllHeaderValues" time="2.415"/>
</testsuite> <!-- Day3.Header -->
