<?xml version="1.0" encoding="UTF-8"?>
<!-- Generated by org.testng.reporters.JUnitReportReporter -->
<testsuite hostname="LAPTOP-GCBCO2G3" failures="0" tests="1" name="Day3.CookiesValidation" time="3.192" errors="0" timestamp="2024-01-24T20:54:10 IST" skipped="0">
  <testcase classname="Day3.CookiesValidation" name="getAllCookiesInfo" time="3.192"/>
</testsuite> <!-- Day3.CookiesValidation -->
