<?xml version="1.0" encoding="UTF-8"?>
<!-- Generated by org.testng.reporters.JUnitReportReporter -->
<testsuite hostname="LAPTOP-GCBCO2G3" failures="0" tests="3" name="Day1.HTTPRequests" time="12.085" errors="0" timestamp="2024-01-18T10:26:30 IST" skipped="0">
  <testcase classname="Day1.HTTPRequests" name="createUserAndCaptureId" time="6.826"/>
  <testcase classname="Day1.HTTPRequests" name="updateTheUser" time="2.610"/>
  <testcase classname="Day1.HTTPRequests" name="deleteUser" time="2.649"/>
</testsuite> <!-- Day1.HTTPRequests -->
